#
# There is insufficient memory for the Java Runtime Environment to continue.
# Native memory allocation (malloc) failed to allocate 32744 bytes for ChunkPool::allocate
# Possible reasons:
#   The system is out of physical RAM or swap space
#   The process is running with CompressedOops enabled, and the Java Heap may be blocking the growth of the native heap
# Possible solutions:
#   Reduce memory load on the system
#   Increase physical memory or swap space
#   Check if swap backing store is full
#   Decrease Java heap size (-Xmx/-Xms)
#   Decrease number of Java threads
#   Decrease Java thread stack sizes (-Xss)
#   Set larger code cache with -XX:ReservedCodeCacheSize=
#   JVM is running with Zero Based Compressed Oops mode in which the Java heap is
#     placed in the first 32GB address space. The Java Heap base address is the
#     maximum limit for the native heap growth. Please use -XX:HeapBaseMinAddress
#     to set the Java Heap base and to place the Java Heap above 32GB virtual address.
# This output file may be truncated or incomplete.
#
#  Out of Memory Error (allocation.cpp:272), pid=25988, tid=0x0000000000005d0c
#
# JRE version: OpenJDK Runtime Environment (8.0_302-b08) (build 1.8.0_302-b08)
# Java VM: OpenJDK 64-Bit Server VM (25.302-b08 mixed mode windows-amd64 compressed oops)
# Failed to write core dump. Minidumps are not enabled by default on client versions of Windows
#

---------------  T H R E A D  ---------------

Current thread (0x000001d43e885000):  JavaThread "C2 CompilerThread1" daemon [_thread_in_native, id=23820, stack(0x000000cc95000000,0x000000cc95100000)]

Stack: [0x000000cc95000000,0x000000cc95100000]
[error occurred during error reporting (printing stack bounds), id 0xc0000005]

Native frames: (J=compiled Java code, j=interpreted, Vv=VM code, C=native code)


Current CompileTask:
C2:  12177 1436   !   4       sun.java2d.SunGraphics2D::drawImage (145 bytes)


---------------  P R O C E S S  ---------------

Java Threads: ( => current thread )
  0x000001d43f01d800 JavaThread "Image Animator 1" daemon [_thread_blocked, id=7496, stack(0x000000cc95b00000,0x000000cc95c00000)]
  0x000001d43ee94000 JavaThread "Image Animator 3" daemon [_thread_blocked, id=9572, stack(0x000000cc95a00000,0x000000cc95b00000)]
  0x000001d43f05c800 JavaThread "AWT-EventQueue-0" [_thread_in_native, id=14160, stack(0x000000cc95900000,0x000000cc95a00000)]
  0x000001d43ed92800 JavaThread "Image Animator 3" daemon [_thread_in_native, id=30992, stack(0x000000cc95800000,0x000000cc95900000)]
  0x000001d43ebb9800 JavaThread "AWT-Windows" daemon [_thread_in_native, id=34080, stack(0x000000cc95700000,0x000000cc95800000)]
  0x000001d43ebb8800 JavaThread "AWT-Shutdown" [_thread_blocked, id=34808, stack(0x000000cc95600000,0x000000cc95700000)]
  0x000001d43ebb6800 JavaThread "Java2D Disposer" daemon [_thread_blocked, id=34144, stack(0x000000cc95500000,0x000000cc95600000)]
  0x000001d43e93f000 JavaThread "Service Thread" daemon [_thread_blocked, id=30840, stack(0x000000cc95300000,0x000000cc95400000)]
  0x000001d43e893000 JavaThread "C1 CompilerThread3" daemon [_thread_blocked, id=29312, stack(0x000000cc95200000,0x000000cc95300000)]
  0x000001d43e886000 JavaThread "C2 CompilerThread2" daemon [_thread_blocked, id=19592, stack(0x000000cc95100000,0x000000cc95200000)]
=>0x000001d43e885000 JavaThread "C2 CompilerThread1" daemon [_thread_in_native, id=23820, stack(0x000000cc95000000,0x000000cc95100000)]
  0x000001d43e884000 JavaThread "C2 CompilerThread0" daemon [_thread_blocked, id=16596, stack(0x000000cc94f00000,0x000000cc95000000)]
  0x000001d43e881800 JavaThread "Monitor Ctrl-Break" daemon [_thread_in_native, id=22524, stack(0x000000cc94e00000,0x000000cc94f00000)]
  0x000001d43cb5d000 JavaThread "Attach Listener" daemon [_thread_blocked, id=25636, stack(0x000000cc94d00000,0x000000cc94e00000)]
  0x000001d43e823800 JavaThread "Signal Dispatcher" daemon [_thread_blocked, id=32516, stack(0x000000cc94c00000,0x000000cc94d00000)]
  0x000001d43cb2b800 JavaThread "Finalizer" daemon [_thread_blocked, id=34420, stack(0x000000cc94b00000,0x000000cc94c00000)]
  0x000001d43cb21800 JavaThread "Reference Handler" daemon [_thread_blocked, id=33828, stack(0x000000cc94a00000,0x000000cc94b00000)]
  0x000001d421a0e000 JavaThread "main" [_thread_in_native, id=35600, stack(0x000000cc94000000,0x000000cc94100000)]

Other Threads:
  0x000001d43caf0000 VMThread [stack: 0x000000cc94900000,0x000000cc94a00000] [id=18516]
  0x000001d43e940000 WatcherThread [stack: 0x000000cc95400000,0x000000cc95500000] [id=18920]

VM state:not at safepoint (normal execution)

VM Mutex/Monitor currently owned by a thread: None

heap address: 0x00000006c4200000, size: 4030 MB, Compressed Oops mode: Zero based, Oop shift amount: 3
Narrow klass base: 0x0000000000000000, Narrow klass shift: 3
Compressed class space size: 1073741824 Address: 0x00000007c0000000

Heap:
 PSYoungGen      total 1049600K, used 745840K [0x000000076c100000, 0x00000007ac900000, 0x00000007c0000000)
  eden space 1045504K, 71% used [0x000000076c100000,0x00000007997f6eb8,0x00000007abe00000)
  from space 4096K, 34% used [0x00000007ac100000,0x00000007ac265160,0x00000007ac500000)
  to   space 1536K, 0% used [0x00000007ac780000,0x00000007ac780000,0x00000007ac900000)
 ParOldGen       total 460800K, used 360587K [0x00000006c4200000, 0x00000006e0400000, 0x000000076c100000)
  object space 460800K, 78% used [0x00000006c4200000,0x00000006da222ef0,0x00000006e0400000)
 Metaspace       used 11114K, capacity 11366K, committed 11648K, reserved 1058816K
  class space    used 1211K, capacity 1289K, committed 1408K, reserved 1048576K

Card table byte_map: [0x000001d432bb0000,0x000001d433390000] byte_map_base: 0x000001d42f58f000

Marking Bits: (ParMarkBitMap*) 0x000000006e1e1820
 Begin Bits: [0x000001d4338d0000, 0x000001d4377c8000)
 End Bits:   [0x000001d4377c8000, 0x000001d43b6c0000)

Polling page: 0x000001d421c00000

CodeCache: size=245760Kb used=5234Kb max_used=5234Kb free=240525Kb
 bounds [0x000001d4237f0000, 0x000001d423d10000, 0x000001d4327f0000]
 total_blobs=1914 nmethods=1435 adapters=392
 compilation: enabled

Compilation events (10 events):
Event: 12.118 Thread 0x000001d43e893000 nmethod 1431 0x000001d423d0ab50 code [0x000001d423d0ad40, 0x000001d423d0ba00]
Event: 12.118 Thread 0x000001d43e893000 1432       3       sun.awt.Win32GraphicsConfig::createAcceleratedImage (34 bytes)
Event: 12.119 Thread 0x000001d43e893000 nmethod 1432 0x000001d423d0df50 code [0x000001d423d0e140, 0x000001d423d0ead0]
Event: 12.119 Thread 0x000001d43e893000 1433       3       sun.awt.Win32GraphicsConfig::getColorModel (58 bytes)
Event: 12.120 Thread 0x000001d43e893000 nmethod 1433 0x000001d423d0ef10 code [0x000001d423d0f0c0, 0x000001d423d0f910]
Event: 12.120 Thread 0x000001d43e893000 1434  s    3       sun.awt.Win32GraphicsConfig::getColorModel (8 bytes)
Event: 12.121 Thread 0x000001d43e893000 nmethod 1434 0x000001d423d0a450 code [0x000001d423d0a5c0, 0x000001d423d0aa30]
Event: 12.121 Thread 0x000001d43e893000 1435       3       sun.awt.Win32GraphicsDevice::getColorModel (25 bytes)
Event: 12.121 Thread 0x000001d43e893000 nmethod 1435 0x000001d423d0a010 code [0x000001d423d0a180, 0x000001d423d0a390]
Event: 12.146 Thread 0x000001d43e885000 1436   !   4       sun.java2d.SunGraphics2D::drawImage (145 bytes)

GC Heap History (10 events):
Event: 8.063 GC heap before
{Heap before GC invocations=25 (full 6):
 PSYoungGen      total 890880K, used 871730K [0x000000076c100000, 0x00000007a3600000, 0x00000007c0000000)
  eden space 885760K, 98% used [0x000000076c100000,0x00000007a1414988,0x00000007a2200000)
  from space 5120K, 4% used [0x00000007a2700000,0x00000007a2738000,0x00000007a2c00000)
  to   space 5120K, 0% used [0x00000007a2200000,0x00000007a2200000,0x00000007a2700000)
 ParOldGen       total 460800K, used 120547K [0x00000006c4200000, 0x00000006e0400000, 0x000000076c100000)
  object space 460800K, 26% used [0x00000006c4200000,0x00000006cb7b8e00,0x00000006e0400000)
 Metaspace       used 10999K, capacity 11238K, committed 11392K, reserved 1058816K
  class space    used 1211K, capacity 1289K, committed 1408K, reserved 1048576K
Event: 8.069 GC heap after
Heap after GC invocations=25 (full 6):
 PSYoungGen      total 890880K, used 1492K [0x000000076c100000, 0x00000007a8300000, 0x00000007c0000000)
  eden space 885760K, 0% used [0x000000076c100000,0x000000076c100000,0x00000007a2200000)
  from space 5120K, 29% used [0x00000007a2200000,0x00000007a2375160,0x00000007a2700000)
  to   space 4608K, 0% used [0x00000007a7e80000,0x00000007a7e80000,0x00000007a8300000)
 ParOldGen       total 460800K, used 168555K [0x00000006c4200000, 0x00000006e0400000, 0x000000076c100000)
  object space 460800K, 36% used [0x00000006c4200000,0x00000006ce69ae30,0x00000006e0400000)
 Metaspace       used 10999K, capacity 11238K, committed 11392K, reserved 1058816K
  class space    used 1211K, capacity 1289K, committed 1408K, reserved 1048576K
}
Event: 8.806 GC heap before
{Heap before GC invocations=26 (full 6):
 PSYoungGen      total 890880K, used 886307K [0x000000076c100000, 0x00000007a8300000, 0x00000007c0000000)
  eden space 885760K, 99% used [0x000000076c100000,0x00000007a2113b70,0x00000007a2200000)
  from space 5120K, 29% used [0x00000007a2200000,0x00000007a2375160,0x00000007a2700000)
  to   space 4608K, 0% used [0x00000007a7e80000,0x00000007a7e80000,0x00000007a8300000)
 ParOldGen       total 460800K, used 168555K [0x00000006c4200000, 0x00000006e0400000, 0x000000076c100000)
  object space 460800K, 36% used [0x00000006c4200000,0x00000006ce69ae30,0x00000006e0400000)
 Metaspace       used 11044K, capacity 11238K, committed 11392K, reserved 1058816K
  class space    used 1211K, capacity 1289K, committed 1408K, reserved 1048576K
Event: 8.813 GC heap after
Heap after GC invocations=26 (full 6):
 PSYoungGen      total 970752K, used 1428K [0x000000076c100000, 0x00000007a8000000, 0x00000007c0000000)
  eden space 969216K, 0% used [0x000000076c100000,0x000000076c100000,0x00000007a7380000)
  from space 1536K, 92% used [0x00000007a7e80000,0x00000007a7fe5160,0x00000007a8000000)
  to   space 4608K, 0% used [0x00000007a7700000,0x00000007a7700000,0x00000007a7b80000)
 ParOldGen       total 460800K, used 216563K [0x00000006c4200000, 0x00000006e0400000, 0x000000076c100000)
  object space 460800K, 46% used [0x00000006c4200000,0x00000006d157ce60,0x00000006e0400000)
 Metaspace       used 11044K, capacity 11238K, committed 11392K, reserved 1058816K
  class space    used 1211K, capacity 1289K, committed 1408K, reserved 1048576K
}
Event: 9.514 GC heap before
{Heap before GC invocations=27 (full 6):
 PSYoungGen      total 970752K, used 968563K [0x000000076c100000, 0x00000007a8000000, 0x00000007c0000000)
  eden space 969216K, 99% used [0x000000076c100000,0x00000007a7177d38,0x00000007a7380000)
  from space 1536K, 92% used [0x00000007a7e80000,0x00000007a7fe5160,0x00000007a8000000)
  to   space 4608K, 0% used [0x00000007a7700000,0x00000007a7700000,0x00000007a7b80000)
 ParOldGen       total 460800K, used 216563K [0x00000006c4200000, 0x00000006e0400000, 0x000000076c100000)
  object space 460800K, 46% used [0x00000006c4200000,0x00000006d157ce60,0x00000006e0400000)
 Metaspace       used 11097K, capacity 11302K, committed 11648K, reserved 1058816K
  class space    used 1211K, capacity 1289K, committed 1408K, reserved 1048576K
Event: 9.519 GC heap after
Heap after GC invocations=27 (full 6):
 PSYoungGen      total 977408K, used 1460K [0x000000076c100000, 0x00000007acb80000, 0x00000007c0000000)
  eden space 972800K, 0% used [0x000000076c100000,0x000000076c100000,0x00000007a7700000)
  from space 4608K, 31% used [0x00000007a7700000,0x00000007a786d160,0x00000007a7b80000)
  to   space 4096K, 0% used [0x00000007ac780000,0x00000007ac780000,0x00000007acb80000)
 ParOldGen       total 460800K, used 264571K [0x00000006c4200000, 0x00000006e0400000, 0x000000076c100000)
  object space 460800K, 57% used [0x00000006c4200000,0x00000006d445ee90,0x00000006e0400000)
 Metaspace       used 11097K, capacity 11302K, committed 11648K, reserved 1058816K
  class space    used 1211K, capacity 1289K, committed 1408K, reserved 1048576K
}
Event: 10.378 GC heap before
{Heap before GC invocations=28 (full 6):
 PSYoungGen      total 977408K, used 970915K [0x000000076c100000, 0x00000007acb80000, 0x00000007c0000000)
  eden space 972800K, 99% used [0x000000076c100000,0x00000007a73bbd58,0x00000007a7700000)
  from space 4608K, 31% used [0x00000007a7700000,0x00000007a786d160,0x00000007a7b80000)
  to   space 4096K, 0% used [0x00000007ac780000,0x00000007ac780000,0x00000007acb80000)
 ParOldGen       total 460800K, used 264571K [0x00000006c4200000, 0x00000006e0400000, 0x000000076c100000)
  object space 460800K, 57% used [0x00000006c4200000,0x00000006d445ee90,0x00000006e0400000)
 Metaspace       used 11100K, capacity 11302K, committed 11648K, reserved 1058816K
  class space    used 1211K, capacity 1289K, committed 1408K, reserved 1048576K
Event: 10.382 GC heap after
Heap after GC invocations=28 (full 6):
 PSYoungGen      total 1047040K, used 1428K [0x000000076c100000, 0x00000007ac900000, 0x00000007c0000000)
  eden space 1045504K, 0% used [0x000000076c100000,0x000000076c100000,0x00000007abe00000)
  from space 1536K, 92% used [0x00000007ac780000,0x00000007ac8e5160,0x00000007ac900000)
  to   space 4096K, 0% used [0x00000007ac100000,0x00000007ac100000,0x00000007ac500000)
 ParOldGen       total 460800K, used 312579K [0x00000006c4200000, 0x00000006e0400000, 0x000000076c100000)
  object space 460800K, 67% used [0x00000006c4200000,0x00000006d7340ec0,0x00000006e0400000)
 Metaspace       used 11100K, capacity 11302K, committed 11648K, reserved 1058816K
  class space    used 1211K, capacity 1289K, committed 1408K, reserved 1048576K
}
Event: 11.370 GC heap before
{Heap before GC invocations=29 (full 6):
 PSYoungGen      total 1047040K, used 1037380K [0x000000076c100000, 0x00000007ac900000, 0x00000007c0000000)
  eden space 1045504K, 99% used [0x000000076c100000,0x00000007ab4ac0e0,0x00000007abe00000)
  from space 1536K, 92% used [0x00000007ac780000,0x00000007ac8e5160,0x00000007ac900000)
  to   space 4096K, 0% used [0x00000007ac100000,0x00000007ac100000,0x00000007ac500000)
 ParOldGen       total 460800K, used 312579K [0x00000006c4200000, 0x00000006e0400000, 0x000000076c100000)
  object space 460800K, 67% used [0x00000006c4200000,0x00000006d7340ec0,0x00000006e0400000)
 Metaspace       used 11109K, capacity 11302K, committed 11648K, reserved 1058816K
  class space    used 1211K, capacity 1289K, committed 1408K, reserved 1048576K
Event: 11.386 GC heap after
Heap after GC invocations=29 (full 6):
 PSYoungGen      total 1049600K, used 1428K [0x000000076c100000, 0x00000007ac900000, 0x00000007c0000000)
  eden space 1045504K, 0% used [0x000000076c100000,0x000000076c100000,0x00000007abe00000)
  from space 4096K, 34% used [0x00000007ac100000,0x00000007ac265160,0x00000007ac500000)
  to   space 1536K, 0% used [0x00000007ac780000,0x00000007ac780000,0x00000007ac900000)
 ParOldGen       total 460800K, used 360587K [0x00000006c4200000, 0x00000006e0400000, 0x000000076c100000)
  object space 460800K, 78% used [0x00000006c4200000,0x00000006da222ef0,0x00000006e0400000)
 Metaspace       used 11109K, capacity 11302K, committed 11648K, reserved 1058816K
  class space    used 1211K, capacity 1289K, committed 1408K, reserved 1048576K
}

Deoptimization events (10 events):
Event: 0.821 Thread 0x000001d421a0e000 Uncommon trap: reason=unstable_if action=reinterpret pc=0x000001d423aacd24 method=java.lang.Character.isSurrogate(C)Z @ 3
Event: 0.821 Thread 0x000001d421a0e000 Uncommon trap: reason=unstable_if action=reinterpret pc=0x000001d4239f8c30 method=java.lang.String.toLowerCase(Ljava/util/Locale;)Ljava/lang/String; @ 37
Event: 0.887 Thread 0x000001d421a0e000 Uncommon trap: reason=unstable_if action=reinterpret pc=0x000001d423ad29b8 method=sun.nio.ch.Util$BufferCache.get(I)Ljava/nio/ByteBuffer; @ 47
Event: 0.896 Thread 0x000001d43ebb9800 Uncommon trap: reason=class_check action=maybe_recompile pc=0x000001d423aba44c method=java.util.HashMap.putVal(ILjava/lang/Object;Ljava/lang/Object;ZZ)Ljava/lang/Object; @ 203
Event: 0.896 Thread 0x000001d43ebb9800 Uncommon trap: reason=class_check action=maybe_recompile pc=0x000001d423aba44c method=java.util.HashMap.putVal(ILjava/lang/Object;Ljava/lang/Object;ZZ)Ljava/lang/Object; @ 203
Event: 0.896 Thread 0x000001d43ebb9800 Uncommon trap: reason=class_check action=maybe_recompile pc=0x000001d423aba44c method=java.util.HashMap.putVal(ILjava/lang/Object;Ljava/lang/Object;ZZ)Ljava/lang/Object; @ 203
Event: 0.969 Thread 0x000001d43ebb9800 Uncommon trap: reason=unstable_if action=reinterpret pc=0x000001d423a82a08 method=java.lang.ThreadLocal.get()Ljava/lang/Object; @ 11
Event: 2.276 Thread 0x000001d43ee94000 Uncommon trap: reason=unstable_if action=reinterpret pc=0x000001d423b11224 method=sun.awt.image.ImageRepresentation.setPixels(IIIILjava/awt/image/ColorModel;[BII)V @ 33
Event: 2.298 Thread 0x000001d43f05c800 Uncommon trap: reason=unstable_if action=reinterpret pc=0x000001d423b03734 method=java.lang.ref.SoftReference.get()Ljava/lang/Object; @ 6
Event: 4.460 Thread 0x000001d43f05c800 Uncommon trap: reason=unstable_if action=reinterpret pc=0x000001d423be4d28 method=sun.font.CMap$CMapFormat4.getGlyph(I)C @ 181

Classes redefined (0 events):
No events

Internal exceptions (10 events):
Event: 0.259 Thread 0x000001d421a0e000 Exception <a 'java/io/FileNotFoundException'> (0x000000076ca0ee70) thrown at [C:\wsjdk\Corretto8Src\installers\windows\zip\corretto-build\buildRoot\src\hotspot\src\share\vm\prims\jni.cpp, line 711]
Event: 0.303 Thread 0x000001d421a0e000 Implicit null exception at 0x000001d423905f15 to 0x000001d4239060fd
Event: 0.356 Thread 0x000001d43ed92800 Exception <a 'java/lang/InterruptedException': sleep interrupted> (0x000000076d078978) thrown at [C:\wsjdk\Corretto8Src\installers\windows\zip\corretto-build\buildRoot\src\hotspot\src\share\vm\prims\jvm.cpp, line 3315]
Event: 0.525 Thread 0x000001d421a0e000 Exception <a 'java/io/FileNotFoundException'> (0x000000076ccd2698) thrown at [C:\wsjdk\Corretto8Src\installers\windows\zip\corretto-build\buildRoot\src\hotspot\src\share\vm\prims\jni.cpp, line 711]
Event: 0.525 Thread 0x000001d421a0e000 Exception <a 'java/lang/NullPointerException'> (0x000000076ccd2b58) thrown at [C:\wsjdk\Corretto8Src\installers\windows\zip\corretto-build\buildRoot\src\hotspot\src\share\vm\interpreter\linkResolver.cpp, line 1185]
Event: 0.559 Thread 0x000001d421a0e000 Exception <a 'java/io/FileNotFoundException'> (0x000000076cd95988) thrown at [C:\wsjdk\Corretto8Src\installers\windows\zip\corretto-build\buildRoot\src\hotspot\src\share\vm\prims\jni.cpp, line 711]
Event: 0.559 Thread 0x000001d421a0e000 Exception <a 'java/lang/NullPointerException'> (0x000000076cd95d28) thrown at [C:\wsjdk\Corretto8Src\installers\windows\zip\corretto-build\buildRoot\src\hotspot\src\share\vm\interpreter\linkResolver.cpp, line 1185]
Event: 0.587 Thread 0x000001d421a0e000 Exception <a 'java/io/FileNotFoundException'> (0x000000076f053ae8) thrown at [C:\wsjdk\Corretto8Src\installers\windows\zip\corretto-build\buildRoot\src\hotspot\src\share\vm\prims\jni.cpp, line 711]
Event: 0.969 Thread 0x000001d43ebb9800 Implicit null exception at 0x000001d423a8295a to 0x000001d423a829f5
Event: 2.277 Thread 0x000001d43ee94000 Exception <a 'java/lang/InterruptedException': sleep interrupted> (0x000000076d8b2ad8) thrown at [C:\wsjdk\Corretto8Src\installers\windows\zip\corretto-build\buildRoot\src\hotspot\src\share\vm\prims\jvm.cpp, line 3315]

Events (10 events):
Event: 8.063 Executing VM operation: ParallelGCFailedAllocation
Event: 8.069 Executing VM operation: ParallelGCFailedAllocation done
Event: 8.806 Executing VM operation: ParallelGCFailedAllocation
Event: 8.813 Executing VM operation: ParallelGCFailedAllocation done
Event: 9.514 Executing VM operation: ParallelGCFailedAllocation
Event: 9.519 Executing VM operation: ParallelGCFailedAllocation done
Event: 10.378 Executing VM operation: ParallelGCFailedAllocation
Event: 10.382 Executing VM operation: ParallelGCFailedAllocation done
Event: 11.370 Executing VM operation: ParallelGCFailedAllocation
Event: 11.386 Executing VM operation: ParallelGCFailedAllocation done


Dynamic libraries:
0x00007ff68c750000 - 0x00007ff68c78a000 	C:\Users\±èµµ±Õ\.jdks\corretto-1.8.0_302\bin\java.exe
0x00007ff8f68e0000 - 0x00007ff8f6ad0000 	C:\WINDOWS\SYSTEM32\ntdll.dll
0x00007ff8f4a10000 - 0x00007ff8f4ac3000 	C:\WINDOWS\System32\KERNEL32.DLL
0x00007ff8f39b0000 - 0x00007ff8f3c55000 	C:\WINDOWS\System32\KERNELBASE.dll
0x00007ff8f4ef0000 - 0x00007ff8f4f93000 	C:\WINDOWS\System32\ADVAPI32.dll
0x00007ff8f5840000 - 0x00007ff8f58de000 	C:\WINDOWS\System32\msvcrt.dll
0x00007ff8f6080000 - 0x00007ff8f6117000 	C:\WINDOWS\System32\sechost.dll
0x00007ff8f4b80000 - 0x00007ff8f4c9f000 	C:\WINDOWS\System32\RPCRT4.dll
0x00007ff8f4d50000 - 0x00007ff8f4ee4000 	C:\WINDOWS\System32\USER32.dll
0x00007ff8f4580000 - 0x00007ff8f45a1000 	C:\WINDOWS\System32\win32u.dll
0x00007ff8f49e0000 - 0x00007ff8f4a06000 	C:\WINDOWS\System32\GDI32.dll
0x00007ff8f4820000 - 0x00007ff8f49b8000 	C:\WINDOWS\System32\gdi32full.dll
0x00007ff8f4780000 - 0x00007ff8f481e000 	C:\WINDOWS\System32\msvcp_win.dll
0x00007ff8f38b0000 - 0x00007ff8f39aa000 	C:\WINDOWS\System32\ucrtbase.dll
0x00007ff8e1d60000 - 0x00007ff8e1fe4000 	C:\WINDOWS\WinSxS\amd64_microsoft.windows.common-controls_6595b64144ccf1df_6.0.18362.1916_none_9e7a3577e461ddbd\COMCTL32.dll
0x00007ff8f52a0000 - 0x00007ff8f55d6000 	C:\WINDOWS\System32\combase.dll
0x00007ff8f45b0000 - 0x00007ff8f4634000 	C:\WINDOWS\System32\bcryptPrimitives.dll
0x00007ff8f6120000 - 0x00007ff8f614e000 	C:\WINDOWS\System32\IMM32.DLL
0x00007ff8d1940000 - 0x00007ff8d196d000 	C:\Program Files\MacType\MacType64.dll
0x00007ff8d19a0000 - 0x00007ff8d19fa000 	C:\Program Files\MacType\Easyhk64.dll
0x00007ff8d1830000 - 0x00007ff8d193b000 	C:\Program Files\MacType\MacType64.Core.dll
0x00007ff8df7b0000 - 0x00007ff8df89f000 	C:\Users\±èµµ±Õ\.jdks\corretto-1.8.0_302\jre\bin\msvcr120.dll
0x00007ff8e5030000 - 0x00007ff8e50d6000 	C:\Users\±èµµ±Õ\.jdks\corretto-1.8.0_302\jre\bin\msvcp120.dll
0x000000006d9f0000 - 0x000000006e260000 	C:\Users\±èµµ±Õ\.jdks\corretto-1.8.0_302\jre\bin\server\jvm.dll
0x00007ff8f4fa0000 - 0x00007ff8f4fa8000 	C:\WINDOWS\System32\PSAPI.DLL
0x00007ff8ebaf0000 - 0x00007ff8ebaf9000 	C:\WINDOWS\SYSTEM32\WSOCK32.dll
0x00007ff8f00d0000 - 0x00007ff8f00f4000 	C:\WINDOWS\SYSTEM32\WINMM.dll
0x00007ff8f55e0000 - 0x00007ff8f564f000 	C:\WINDOWS\System32\WS2_32.dll
0x00007ff8e5f10000 - 0x00007ff8e5f1a000 	C:\WINDOWS\SYSTEM32\VERSION.dll
0x00007ff8f00a0000 - 0x00007ff8f00cd000 	C:\WINDOWS\SYSTEM32\WINMMBASE.dll
0x00007ff8f43e0000 - 0x00007ff8f442a000 	C:\WINDOWS\System32\cfgmgr32.dll
0x00007ff8efce0000 - 0x00007ff8efcef000 	C:\Users\±èµµ±Õ\.jdks\corretto-1.8.0_302\jre\bin\verify.dll
0x00007ff8ef4f0000 - 0x00007ff8ef519000 	C:\Users\±èµµ±Õ\.jdks\corretto-1.8.0_302\jre\bin\java.dll
0x00007ff8c60b0000 - 0x00007ff8c60da000 	C:\Users\±èµµ±Õ\.jdks\corretto-1.8.0_302\jre\bin\instrument.dll
0x00007ff8ed350000 - 0x00007ff8ed366000 	C:\Users\±èµµ±Õ\.jdks\corretto-1.8.0_302\jre\bin\zip.dll
0x00007ff8f6150000 - 0x00007ff8f6837000 	C:\WINDOWS\System32\SHELL32.dll
0x000001d43e730000 - 0x000001d43e7d9000 	C:\WINDOWS\System32\shcore.dll
0x00007ff8f3c60000 - 0x00007ff8f43db000 	C:\WINDOWS\System32\windows.storage.dll
0x00007ff8f3850000 - 0x00007ff8f386e000 	C:\WINDOWS\System32\profapi.dll
0x00007ff8f3800000 - 0x00007ff8f384a000 	C:\WINDOWS\System32\powrprof.dll
0x00007ff8f37f0000 - 0x00007ff8f3800000 	C:\WINDOWS\System32\UMPDC.dll
0x00007ff8f6840000 - 0x00007ff8f6892000 	C:\WINDOWS\System32\shlwapi.dll
0x00007ff8f3870000 - 0x00007ff8f3881000 	C:\WINDOWS\System32\kernel.appcore.dll
0x000001d421ca0000 - 0x000001d421cb7000 	C:\WINDOWS\System32\cryptsp.dll
0x00007ff8e4fe0000 - 0x00007ff8e4ffa000 	C:\Users\±èµµ±Õ\.jdks\corretto-1.8.0_302\jre\bin\net.dll
0x00007ff8f3030000 - 0x00007ff8f3097000 	C:\WINDOWS\system32\mswsock.dll
0x00007ff8c5c20000 - 0x00007ff8c5db5000 	C:\Users\±èµµ±Õ\.jdks\corretto-1.8.0_302\jre\bin\awt.dll
0x00007ff8f5e30000 - 0x00007ff8f5ef5000 	C:\WINDOWS\System32\OLEAUT32.dll
0x00007ff8f15b0000 - 0x00007ff8f163f000 	C:\WINDOWS\SYSTEM32\apphelp.dll
0x00007ff8f1750000 - 0x00007ff8f17e9000 	C:\WINDOWS\system32\uxtheme.dll
0x00007ff8f5160000 - 0x00007ff8f5295000 	C:\WINDOWS\System32\MSCTF.dll
0x00007ff8f5650000 - 0x00007ff8f57a7000 	C:\WINDOWS\System32\ole32.dll
0x00007ff8f1ad0000 - 0x00007ff8f1afd000 	C:\WINDOWS\system32\DWMAPI.DLL
0x00007ff8c9b30000 - 0x00007ff8c9c86000 	C:\WINDOWS\system32\opengl32.dll
0x00007ff8cb9c0000 - 0x00007ff8cb9ec000 	C:\WINDOWS\SYSTEM32\GLU32.dll
0x00007ff8f24a0000 - 0x00007ff8f24c0000 	C:\WINDOWS\SYSTEM32\dxcore.dll
0x00007ff8c5f50000 - 0x00007ff8c5ff0000 	C:\Users\±èµµ±Õ\.jdks\corretto-1.8.0_302\jre\bin\freetype.dll
0x00007ff8c5dd0000 - 0x00007ff8c5ea4000 	C:\Users\±èµµ±Õ\.jdks\corretto-1.8.0_302\jre\bin\fontmanager.dll
0x00007ff8e20c0000 - 0x00007ff8e20d2000 	C:\Users\±èµµ±Õ\.jdks\corretto-1.8.0_302\jre\bin\nio.dll
0x00007ff8e47a0000 - 0x00007ff8e483b000 	C:\WINDOWS\System32\TextInputFramework.dll
0x00007ff8eea10000 - 0x00007ff8eed3a000 	C:\WINDOWS\System32\CoreUIComponents.dll
0x00007ff8f13a0000 - 0x00007ff8f1474000 	C:\WINDOWS\System32\CoreMessaging.dll
0x00007ff8f2830000 - 0x00007ff8f2861000 	C:\WINDOWS\SYSTEM32\ntmarta.dll
0x00007ff8ee4d0000 - 0x00007ff8ee622000 	C:\WINDOWS\SYSTEM32\wintypes.dll
0x00007ff8e3160000 - 0x00007ff8e3407000 	C:\WINDOWS\System32\iertutil.dll
0x000001d4412b0000 - 0x000001d441352000 	C:\WINDOWS\System32\clbcatq.dll
0x00007ff8bbfc0000 - 0x00007ff8bc08f000 	C:\Windows\System32\IME\IMEKR\imkrtip.dll
0x00007ff8efbb0000 - 0x00007ff8efc9f000 	C:\WINDOWS\SYSTEM32\PROPSYS.dll
0x00007ff8bbe80000 - 0x00007ff8bbfb9000 	C:\Windows\System32\IME\shared\imetip.dll
0x00007ff8d9220000 - 0x00007ff8d9285000 	C:\WINDOWS\SYSTEM32\OLEACC.dll
0x00007ff8c3da0000 - 0x00007ff8c3f53000 	C:\WINDOWS\SYSTEM32\DUI70.dll
0x00007ff8bbe40000 - 0x00007ff8bbe7e000 	C:\Windows\System32\IME\IMEKR\imkrapi.dll
0x00007ff8bbe00000 - 0x00007ff8bbe3c000 	C:\Windows\System32\IME\shared\imjkapi.dll

VM Arguments:
jvm_args: -Dvisualvm.id=138951964978700 -javaagent:C:\Users\±èµµ±Õ\AppData\Local\JetBrains\Toolbox\apps\IDEA-U\ch-0\212.5457.46\lib\idea_rt.jar=57779:C:\Users\±èµµ±Õ\AppData\Local\JetBrains\Toolbox\apps\IDEA-U\ch-0\212.5457.46\bin -Dfile.encoding=UTF-8 
java_command: PROJECT.PLAY1
java_class_path (initial): C:\Users\±èµµ±Õ\.jdks\corretto-1.8.0_302\jre\lib\charsets.jar;C:\Users\±èµµ±Õ\.jdks\corretto-1.8.0_302\jre\lib\ext\access-bridge-64.jar;C:\Users\±èµµ±Õ\.jdks\corretto-1.8.0_302\jre\lib\ext\cldrdata.jar;C:\Users\±èµµ±Õ\.jdks\corretto-1.8.0_302\jre\lib\ext\dnsns.jar;C:\Users\±èµµ±Õ\.jdks\corretto-1.8.0_302\jre\lib\ext\jaccess.jar;C:\Users\±èµµ±Õ\.jdks\corretto-1.8.0_302\jre\lib\ext\jfxrt.jar;C:\Users\±èµµ±Õ\.jdks\corretto-1.8.0_302\jre\lib\ext\localedata.jar;C:\Users\±èµµ±Õ\.jdks\corretto-1.8.0_302\jre\lib\ext\nashorn.jar;C:\Users\±èµµ±Õ\.jdks\corretto-1.8.0_302\jre\lib\ext\sunec.jar;C:\Users\±èµµ±Õ\.jdks\corretto-1.8.0_302\jre\lib\ext\sunjce_provider.jar;C:\Users\±èµµ±Õ\.jdks\corretto-1.8.0_302\jre\lib\ext\sunmscapi.jar;C:\Users\±èµµ±Õ\.jdks\corretto-1.8.0_302\jre\lib\ext\sunpkcs11.jar;C:\Users\±èµµ±Õ\.jdks\corretto-1.8.0_302\jre\lib\ext\zipfs.jar;C:\Users\±èµµ±Õ\.jdks\corretto-1.8.0_302\jre\lib\jce.jar;C:\Users\±èµµ±Õ\.jdks\corretto-1.8.0_302\jre\lib\jfr.jar;C:\Users\±èµµ±Õ\.jdks\corretto-1.8.0_302\jre\lib\jfxswt.jar;C:\Users\±èµµ±Õ\.jdks\corretto-1.8.0_302\jre\lib\jsse.jar;C:\Users\±èµµ±Õ\.jdks\corretto-1.8.0_302\jre\lib\management-agent.jar;C:\Users\±èµµ±Õ\.jdks\corretto-1.8.0_302\jre\lib\resources.jar;C:\Users\±èµµ±Õ\.jdks\corretto-1.8.0_302\jre\lib\rt.jar;C:\Users\±èµµ±Õ\IdeaProjects\java\src\out\production\0826;C:\Users\±èµµ±Õ\AppData\Local\JetBrains\Toolbox\apps\IDEA-U\ch-0\212.5457.46\lib\idea_rt.jar
Launcher Type: SUN_STANDARD

Environment Variables:
PATH=F:\app\product\11.2.0\dbhome_1\bin;F:\app\±èµµ±Õ\product\11.2.0\dbhome_1\bin;C:\app\±èµµ±Õ\product\11.2.0\dbhome_1\bin;C:\Program Files (x86)\Common Files\Intel\Shared Libraries\redist\intel64\compiler;C:\ProgramData\Anaconda3;C:\ProgramData\Anaconda3\Library\mingw-w64\bin;C:\ProgramData\Anaconda3\Library\usr\bin;C:\ProgramData\Anaconda3\Library\bin;C:\ProgramData\Anaconda3\Scripts;C:\Program Files (x86)\Common Files\Oracle\Java\javapath;C:\WINDOWS\system32;C:\WINDOWS;C:\WINDOWS\System32\Wbem;C:\WINDOWS\System32\WindowsPowerShell\v1.0\;C:\WINDOWS\System32\OpenSSH\;E:\java\bin;E:\java\jre\bin;C:\Program Files\Git\cmd;C:\Program Files\CMake\bin;C:\Program Files\nodejs\;C:\Users\±èµµ±Õ\AppData\Local\Programs\Python\Python39\Scripts\;C:\Users\±èµµ±Õ\AppData\Local\Programs\Python\Python39\;C:\Program Files\MySQL\MySQL Shell 8.0\bin\;C:\Users\±èµµ±Õ\AppData\Local\Microsoft\WindowsApps;C:\Users\±èµµ±Õ\AppData\Local\Programs\Microsoft VS Code\bin;C:\Users\±èµµ±Õ\AppData\Roaming\npm
USERNAME=±èµµ±Õ
OS=Windows_NT
PROCESSOR_IDENTIFIER=Intel64 Family 6 Model 126 Stepping 5, GenuineIntel



---------------  S Y S T E M  ---------------

OS: Windows 10.0 , 64 bit Build 18362 (10.0.18362.1916)

CPU:total 8 (initial active 8) (4 cores per cpu, 2 threads per core) family 6 model 126 stepping 5, cmov, cx8, fxsr, mmx, sse, sse2, sse3, ssse3, sse4.1, sse4.2, popcnt, avx, avx2, aes, clmul, erms, 3dnowpref, lzcnt, ht, tsc, tscinvbit, bmi1, bmi2, adx

Memory: 4k page, physical 16505688k(2675120k free), swap 24894296k(1728k free)

vm_info: OpenJDK 64-Bit Server VM (25.302-b08) for windows-amd64 JRE (1.8.0_302-b08), built on Jul 15 2021 19:37:21 by "Administrator" with MS VC++ 12.0 (VS2013)

time: Thu Nov 18 09:37:21 2021
timezone: ¢¥eCN©öI¡¾©ö C¡ÍA¨ª¨öA
elapsed time: 12.199236 seconds (0d 0h 0m 12s)

